<?xml version="1.0" encoding="UTF-8"?>
<testng-results ignored="0" total="2" passed="2" failed="0" skipped="0">
  <reporter-output>
  </reporter-output>
  <suite started-at="2023-04-09T01:26:07 AST" name="Default suite" finished-at="2023-04-09T01:26:55 AST" duration-ms="48091">
    <groups>
    </groups>
    <test started-at="2023-04-09T01:26:07 AST" name="Default test" finished-at="2023-04-09T01:26:55 AST" duration-ms="48091">
      <class name="SmartBuy_Test1">
        <test-method is-config="true" signature="beforeTest()[pri:0, instance:SmartBuy_Test1@55a147cc]" started-at="2023-04-09T01:26:07 AST" name="beforeTest" finished-at="2023-04-09T01:26:42 AST" duration-ms="35047" status="PASS">
          <reporter-output>
          </reporter-output>
        </test-method> <!-- beforeTest -->
        <test-method signature="Test_add_SAMSUNG_50_inch()[pri:0, instance:SmartBuy_Test1@55a147cc]" started-at="2023-04-09T01:26:42 AST" name="Test_add_SAMSUNG_50_inch" finished-at="2023-04-09T01:26:47 AST" duration-ms="4541" status="PASS">
          <reporter-output>
          </reporter-output>
        </test-method> <!-- Test_add_SAMSUNG_50_inch -->
        <test-method signature="check_the_price()[pri:0, instance:SmartBuy_Test1@55a147cc]" started-at="2023-04-09T01:26:47 AST" name="check_the_price" finished-at="2023-04-09T01:26:55 AST" duration-ms="8461" status="PASS">
          <reporter-output>
          </reporter-output>
        </test-method> <!-- check_the_price -->
      </class> <!-- SmartBuy_Test1 -->
    </test> <!-- Default test -->
  </suite> <!-- Default suite -->
</testng-results>
